<?xml version="1.0" encoding="UTF-8"?>
<!-- Generated by org.testng.reporters.JUnitReportReporter -->
<testsuite hostname="MSI" failures="0" tests="3" name="testcases.LoginTest" time="18.974" errors="0" timestamp="2025-04-03T15:18:38 IST" skipped="0">
  <testcase classname="testcases.LoginTest" name="navigation" time="6.136"/>
  <testcase classname="testcases.LoginTest" name="navigation" time="6.774"/>
  <testcase classname="testcases.LoginTest" name="navigation" time="6.064"/>
</testsuite> <!-- testcases.LoginTest -->
