<?xml version="1.0" encoding="UTF-8"?>
<!-- Generated by org.testng.reporters.JUnitReportReporter -->
<testsuite hostname="MSI" failures="0" tests="1" name="testcases.E2ETest" time="8.247" errors="0" timestamp="2025-04-03T18:09:07 IST" skipped="0">
  <testcase classname="testcases.E2ETest" name="completePurchaseTest" time="8.247"/>
</testsuite> <!-- testcases.E2ETest -->
