<?xml version="1.0" encoding="UTF-8"?>
<!-- Generated by org.testng.reporters.JUnitReportReporter -->
<testsuite hostname="DESKTOP-A54I250" failures="0" tests="3" name="testcases.LoginTest" time="22.480" errors="0" timestamp="2024-11-10T10:33:07 IST" skipped="0">
  <testcase classname="testcases.LoginTest" name="navigation" time="5.942"/>
  <testcase classname="testcases.LoginTest" name="navigation" time="6.076"/>
  <testcase classname="testcases.LoginTest" name="navigation" time="10.462"/>
</testsuite> <!-- testcases.LoginTest -->
